<?xml version="1.0" encoding="UTF-8"?>
<!-- Generated by org.testng.reporters.JUnitXMLReporter -->
<testsuite hostname="DESKTOP-L5H57U0" ignored="0" name="Login test2" tests="10" failures="1" timestamp="2020-05-29T16:18:07 CST" time="642.536" errors="0">
  <testcase name="testLoginUsingProvider" time="57.196" classname="nopcommerce4.LT2.test.PlaceOrderTest"/>
  <testcase name="testAddToCart" time="229.151" classname="nopcommerce4.LT2.test.PlaceOrderTest"/>
  <testcase name="testAddToCart" time="229.682" classname="nopcommerce4.LT2.test.PlaceOrderTest"/>
  <testcase name="testRemoveProduct" time="67.359" classname="nopcommerce4.LT2.test.PlaceOrderTest"/>
  <testcase name="testInputSchoolName" time="10.587" classname="nopcommerce4.LT2.test.PlaceOrderTest"/>
  <testcase name="testCheckout" time="4.208" classname="nopcommerce4.LT2.test.PlaceOrderTest">
    <failure type="java.lang.AssertionError" message="expected [true] but found [false]">
      <![CDATA[java.lang.AssertionError: expected [true] but found [false]
at nopcommerce4.LT2.test.PlaceOrderTest.testCheckout(PlaceOrderTest.java:119)
at java.util.ArrayList.forEach(Unknown Source)
... Removed 31 stack frames]]>
    </failure>
  </testcase> <!-- testCheckout -->
  <testcase name="testAccessShippingMethodPage" time="0.0" classname="nopcommerce4.LT2.test.PlaceOrderTest">
    <skipped/>
  </testcase> <!-- testAccessShippingMethodPage -->
  <testcase name="testAccessPaymentinfo" time="0.0" classname="nopcommerce4.LT2.test.PlaceOrderTest">
    <skipped/>
  </testcase> <!-- testAccessPaymentinfo -->
  <testcase name="testPlaceOrder" time="0.0" classname="nopcommerce4.LT2.test.PlaceOrderTest">
    <skipped/>
  </testcase> <!-- testPlaceOrder -->
  <testcase name="testAccessOrderDetailPage" time="0.0" classname="nopcommerce4.LT2.test.PlaceOrderTest">
    <skipped/>
  </testcase> <!-- testAccessOrderDetailPage -->
</testsuite> <!-- Login test2 -->
